The system is: CYGWIN - 2.9.0(0.318/5/3) - i686
Compiling the C compiler identification source file "CMakeCCompilerId.c" succeeded.
Compiler: /usr/bin/cc 
Build flags: 
Id flags: 

The output was:
0


Compilation of the C compiler identification source "CMakeCCompilerId.c" produced "a.exe"

The C compiler identification is GNU, found in "/cygdrive/d/Drive/Documents/School/CS235/Lesson 3/Lab03/CMakeFiles/3.6.2/CompilerIdC/a.exe"

Compiling the CXX compiler identification source file "CMakeCXXCompilerId.cpp" succeeded.
Compiler: /usr/bin/c++.exe 
Build flags: ;-Wall;-std=c++11
Id flags: 

The output was:
0


Compilation of the CXX compiler identification source "CMakeCXXCompilerId.cpp" produced "a.exe"

The CXX compiler identification is GNU, found in "/cygdrive/d/Drive/Documents/School/CS235/Lesson 3/Lab03/CMakeFiles/3.6.2/CompilerIdCXX/a.exe"

Determining if the C compiler works passed with the following output:
Change Dir: /cygdrive/d/Drive/Documents/School/CS235/Lesson 3/Lab03/CMakeFiles/CMakeTmp

Run Build Command:"/usr/bin/make.exe" "cmTC_609d9/fast"
/usr/bin/make -f CMakeFiles/cmTC_609d9.dir/build.make CMakeFiles/cmTC_609d9.dir/build
make[1]: Entering directory '/cygdrive/d/Drive/Documents/School/CS235/Lesson 3/Lab03/CMakeFiles/CMakeTmp'
Building C object CMakeFiles/cmTC_609d9.dir/testCCompiler.c.o
/usr/bin/cc     -o CMakeFiles/cmTC_609d9.dir/testCCompiler.c.o   -c "/cygdrive/d/Drive/Documents/School/CS235/Lesson 3/Lab03/CMakeFiles/CMakeTmp/testCCompiler.c"
Linking C executable cmTC_609d9.exe
/usr/bin/cmake.exe -E cmake_link_script CMakeFiles/cmTC_609d9.dir/link.txt --verbose=1
/usr/bin/cc     -Wl,--enable-auto-import  CMakeFiles/cmTC_609d9.dir/testCCompiler.c.o  -o cmTC_609d9.exe -Wl,--out-implib,libcmTC_609d9.dll.a -Wl,--major-image-version,0,--minor-image-version,0 
make[1]: Leaving directory '/cygdrive/d/Drive/Documents/School/CS235/Lesson 3/Lab03/CMakeFiles/CMakeTmp'


Detecting C compiler ABI info compiled with the following output:
Change Dir: /cygdrive/d/Drive/Documents/School/CS235/Lesson 3/Lab03/CMakeFiles/CMakeTmp

Run Build Command:"/usr/bin/make.exe" "cmTC_87681/fast"
/usr/bin/make -f CMakeFiles/cmTC_87681.dir/build.make CMakeFiles/cmTC_87681.dir/build
make[1]: Entering directory '/cygdrive/d/Drive/Documents/School/CS235/Lesson 3/Lab03/CMakeFiles/CMakeTmp'
Building C object CMakeFiles/cmTC_87681.dir/CMakeCCompilerABI.c.o
/usr/bin/cc     -o CMakeFiles/cmTC_87681.dir/CMakeCCompilerABI.c.o   -c /usr/share/cmake-3.6.2/Modules/CMakeCCompilerABI.c
Linking C executable cmTC_87681.exe
/usr/bin/cmake.exe -E cmake_link_script CMakeFiles/cmTC_87681.dir/link.txt --verbose=1
/usr/bin/cc     -Wl,--enable-auto-import -v CMakeFiles/cmTC_87681.dir/CMakeCCompilerABI.c.o  -o cmTC_87681.exe -Wl,--out-implib,libcmTC_87681.dll.a -Wl,--major-image-version,0,--minor-image-version,0  
Using built-in specs.
COLLECT_GCC=/usr/bin/cc
COLLECT_LTO_WRAPPER=/usr/lib/gcc/i686-pc-cygwin/6.4.0/lto-wrapper.exe
Target: i686-pc-cygwin
Configured with: /cygdrive/i/szsz/tmpp/gcc/gcc-6.4.0-4.i686/src/gcc-6.4.0/configure --srcdir=/cygdrive/i/szsz/tmpp/gcc/gcc-6.4.0-4.i686/src/gcc-6.4.0 --prefix=/usr --exec-prefix=/usr --localstatedir=/var --sysconfdir=/etc --docdir=/usr/share/doc/gcc --htmldir=/usr/share/doc/gcc/html -C --build=i686-pc-cygwin --host=i686-pc-cygwin --target=i686-pc-cygwin --without-libiconv-prefix --without-libintl-prefix --libexecdir=/usr/lib --enable-shared --enable-shared-libgcc --enable-static --enable-version-specific-runtime-libs --enable-bootstrap --enable-__cxa_atexit --with-dwarf2 --with-arch=i686 --with-tune=generic --disable-sjlj-exceptions --enable-languages=ada,c,c++,fortran,lto,objc,obj-c++ --enable-graphite --enable-threads=posix --enable-libatomic --enable-libcilkrts --enable-libgomp --enable-libitm --enable-libquadmath --enable-libquadmath-support --enable-libssp --enable-libada --disable-symvers --with-gnu-ld --with-gnu-as --with-cloog-include=/usr/include/cloog-isl --without-libiconv-prefix --without-libintl-prefix --with-system-zlib --enable-linker-build-id --with-default-libstdcxx-abi=gcc4-compatible
Thread model: posix
gcc version 6.4.0 (GCC) 
COMPILER_PATH=/usr/lib/gcc/i686-pc-cygwin/6.4.0/:/usr/lib/gcc/i686-pc-cygwin/6.4.0/:/usr/lib/gcc/i686-pc-cygwin/:/usr/lib/gcc/i686-pc-cygwin/6.4.0/:/usr/lib/gcc/i686-pc-cygwin/:/usr/lib/gcc/i686-pc-cygwin/6.4.0/../../../../i686-pc-cygwin/bin/
LIBRARY_PATH=/usr/lib/gcc/i686-pc-cygwin/6.4.0/:/usr/lib/gcc/i686-pc-cygwin/6.4.0/../../../../i686-pc-cygwin/lib/:/usr/lib/gcc/i686-pc-cygwin/6.4.0/../../../:/lib/:/usr/lib/
COLLECT_GCC_OPTIONS='-v' '-o' 'cmTC_87681.exe' '-mtune=generic' '-march=i686'
 /usr/lib/gcc/i686-pc-cygwin/6.4.0/collect2.exe -plugin /usr/lib/gcc/i686-pc-cygwin/6.4.0/cyglto_plugin.dll -plugin-opt=/usr/lib/gcc/i686-pc-cygwin/6.4.0/lto-wrapper.exe -plugin-opt=-fresolution=/tmp/ccIyAPQd.res -plugin-opt=-pass-through=-lgcc_s -plugin-opt=-pass-through=-lgcc -plugin-opt=-pass-through=-lcygwin -plugin-opt=-pass-through=-ladvapi32 -plugin-opt=-pass-through=-lshell32 -plugin-opt=-pass-through=-luser32 -plugin-opt=-pass-through=-lkernel32 -plugin-opt=-pass-through=-lgcc_s -plugin-opt=-pass-through=-lgcc --build-id --wrap _Znwj --wrap _Znaj --wrap _ZdlPv --wrap _ZdaPv --wrap _ZnwjRKSt9nothrow_t --wrap _ZnajRKSt9nothrow_t --wrap _ZdlPvRKSt9nothrow_t --wrap _ZdaPvRKSt9nothrow_t -Bdynamic --dll-search-prefix=cyg --large-address-aware --tsaware -o cmTC_87681.exe /usr/lib/gcc/i686-pc-cygwin/6.4.0/../../../crt0.o /usr/lib/gcc/i686-pc-cygwin/6.4.0/crtbegin.o -L/usr/lib/gcc/i686-pc-cygwin/6.4.0 -L/usr/lib/gcc/i686-pc-cygwin/6.4.0/../../../../i686-pc-cygwin/lib -L/usr/lib/gcc/i686-pc-cygwin/6.4.0/../../.. --enable-auto-import CMakeFiles/cmTC_87681.dir/CMakeCCompilerABI.c.o --out-implib libcmTC_87681.dll.a --major-image-version 0 --minor-image-version 0 -lgcc_s -lgcc -lcygwin -ladvapi32 -lshell32 -luser32 -lkernel32 -lgcc_s -lgcc /usr/lib/gcc/i686-pc-cygwin/6.4.0/../../../default-manifest.o /usr/lib/gcc/i686-pc-cygwin/6.4.0/crtend.o
COLLECT_GCC_OPTIONS='-v' '-o' 'cmTC_87681.exe' '-mtune=generic' '-march=i686'
make[1]: Leaving directory '/cygdrive/d/Drive/Documents/School/CS235/Lesson 3/Lab03/CMakeFiles/CMakeTmp'


Parsed C implicit link information from above output:
  link line regex: [^( *|.*[/\])(ld\.exe|([^/\]+-)?ld|collect2)[^/\]*( |$)]
  ignore line: [Change Dir: /cygdrive/d/Drive/Documents/School/CS235/Lesson 3/Lab03/CMakeFiles/CMakeTmp]
  ignore line: []
  ignore line: [Run Build Command:"/usr/bin/make.exe" "cmTC_87681/fast"]
  ignore line: [/usr/bin/make -f CMakeFiles/cmTC_87681.dir/build.make CMakeFiles/cmTC_87681.dir/build]
  ignore line: [make[1]: Entering directory '/cygdrive/d/Drive/Documents/School/CS235/Lesson 3/Lab03/CMakeFiles/CMakeTmp']
  ignore line: [Building C object CMakeFiles/cmTC_87681.dir/CMakeCCompilerABI.c.o]
  ignore line: [/usr/bin/cc     -o CMakeFiles/cmTC_87681.dir/CMakeCCompilerABI.c.o   -c /usr/share/cmake-3.6.2/Modules/CMakeCCompilerABI.c]
  ignore line: [Linking C executable cmTC_87681.exe]
  ignore line: [/usr/bin/cmake.exe -E cmake_link_script CMakeFiles/cmTC_87681.dir/link.txt --verbose=1]
  ignore line: [/usr/bin/cc     -Wl,--enable-auto-import -v CMakeFiles/cmTC_87681.dir/CMakeCCompilerABI.c.o  -o cmTC_87681.exe -Wl,--out-implib,libcmTC_87681.dll.a -Wl,--major-image-version,0,--minor-image-version,0  ]
  ignore line: [Using built-in specs.]
  ignore line: [COLLECT_GCC=/usr/bin/cc]
  ignore line: [COLLECT_LTO_WRAPPER=/usr/lib/gcc/i686-pc-cygwin/6.4.0/lto-wrapper.exe]
  ignore line: [Target: i686-pc-cygwin]
  ignore line: [Configured with: /cygdrive/i/szsz/tmpp/gcc/gcc-6.4.0-4.i686/src/gcc-6.4.0/configure --srcdir=/cygdrive/i/szsz/tmpp/gcc/gcc-6.4.0-4.i686/src/gcc-6.4.0 --prefix=/usr --exec-prefix=/usr --localstatedir=/var --sysconfdir=/etc --docdir=/usr/share/doc/gcc --htmldir=/usr/share/doc/gcc/html -C --build=i686-pc-cygwin --host=i686-pc-cygwin --target=i686-pc-cygwin --without-libiconv-prefix --without-libintl-prefix --libexecdir=/usr/lib --enable-shared --enable-shared-libgcc --enable-static --enable-version-specific-runtime-libs --enable-bootstrap --enable-__cxa_atexit --with-dwarf2 --with-arch=i686 --with-tune=generic --disable-sjlj-exceptions --enable-languages=ada,c,c++,fortran,lto,objc,obj-c++ --enable-graphite --enable-threads=posix --enable-libatomic --enable-libcilkrts --enable-libgomp --enable-libitm --enable-libquadmath --enable-libquadmath-support --enable-libssp --enable-libada --disable-symvers --with-gnu-ld --with-gnu-as --with-cloog-include=/usr/include/cloog-isl --without-libiconv-prefix --without-libintl-prefix --with-system-zlib --enable-linker-build-id --with-default-libstdcxx-abi=gcc4-compatible]
  ignore line: [Thread model: posix]
  ignore line: [gcc version 6.4.0 (GCC) ]
  ignore line: [COMPILER_PATH=/usr/lib/gcc/i686-pc-cygwin/6.4.0/:/usr/lib/gcc/i686-pc-cygwin/6.4.0/:/usr/lib/gcc/i686-pc-cygwin/:/usr/lib/gcc/i686-pc-cygwin/6.4.0/:/usr/lib/gcc/i686-pc-cygwin/:/usr/lib/gcc/i686-pc-cygwin/6.4.0/../../../../i686-pc-cygwin/bin/]
  ignore line: [LIBRARY_PATH=/usr/lib/gcc/i686-pc-cygwin/6.4.0/:/usr/lib/gcc/i686-pc-cygwin/6.4.0/../../../../i686-pc-cygwin/lib/:/usr/lib/gcc/i686-pc-cygwin/6.4.0/../../../:/lib/:/usr/lib/]
  ignore line: [COLLECT_GCC_OPTIONS='-v' '-o' 'cmTC_87681.exe' '-mtune=generic' '-march=i686']
  link line: [ /usr/lib/gcc/i686-pc-cygwin/6.4.0/collect2.exe -plugin /usr/lib/gcc/i686-pc-cygwin/6.4.0/cyglto_plugin.dll -plugin-opt=/usr/lib/gcc/i686-pc-cygwin/6.4.0/lto-wrapper.exe -plugin-opt=-fresolution=/tmp/ccIyAPQd.res -plugin-opt=-pass-through=-lgcc_s -plugin-opt=-pass-through=-lgcc -plugin-opt=-pass-through=-lcygwin -plugin-opt=-pass-through=-ladvapi32 -plugin-opt=-pass-through=-lshell32 -plugin-opt=-pass-through=-luser32 -plugin-opt=-pass-through=-lkernel32 -plugin-opt=-pass-through=-lgcc_s -plugin-opt=-pass-through=-lgcc --build-id --wrap _Znwj --wrap _Znaj --wrap _ZdlPv --wrap _ZdaPv --wrap _ZnwjRKSt9nothrow_t --wrap _ZnajRKSt9nothrow_t --wrap _ZdlPvRKSt9nothrow_t --wrap _ZdaPvRKSt9nothrow_t -Bdynamic --dll-search-prefix=cyg --large-address-aware --tsaware -o cmTC_87681.exe /usr/lib/gcc/i686-pc-cygwin/6.4.0/../../../crt0.o /usr/lib/gcc/i686-pc-cygwin/6.4.0/crtbegin.o -L/usr/lib/gcc/i686-pc-cygwin/6.4.0 -L/usr/lib/gcc/i686-pc-cygwin/6.4.0/../../../../i686-pc-cygwin/lib -L/usr/lib/gcc/i686-pc-cygwin/6.4.0/../../.. --enable-auto-import CMakeFiles/cmTC_87681.dir/CMakeCCompilerABI.c.o --out-implib libcmTC_87681.dll.a --major-image-version 0 --minor-image-version 0 -lgcc_s -lgcc -lcygwin -ladvapi32 -lshell32 -luser32 -lkernel32 -lgcc_s -lgcc /usr/lib/gcc/i686-pc-cygwin/6.4.0/../../../default-manifest.o /usr/lib/gcc/i686-pc-cygwin/6.4.0/crtend.o]
    arg [/usr/lib/gcc/i686-pc-cygwin/6.4.0/collect2.exe] ==> ignore
    arg [-plugin] ==> ignore
    arg [/usr/lib/gcc/i686-pc-cygwin/6.4.0/cyglto_plugin.dll] ==> ignore
    arg [-plugin-opt=/usr/lib/gcc/i686-pc-cygwin/6.4.0/lto-wrapper.exe] ==> ignore
    arg [-plugin-opt=-fresolution=/tmp/ccIyAPQd.res] ==> ignore
    arg [-plugin-opt=-pass-through=-lgcc_s] ==> ignore
    arg [-plugin-opt=-pass-through=-lgcc] ==> ignore
    arg [-plugin-opt=-pass-through=-lcygwin] ==> ignore
    arg [-plugin-opt=-pass-through=-ladvapi32] ==> ignore
    arg [-plugin-opt=-pass-through=-lshell32] ==> ignore
    arg [-plugin-opt=-pass-through=-luser32] ==> ignore
    arg [-plugin-opt=-pass-through=-lkernel32] ==> ignore
    arg [-plugin-opt=-pass-through=-lgcc_s] ==> ignore
    arg [-plugin-opt=-pass-through=-lgcc] ==> ignore
    arg [--build-id] ==> ignore
    arg [--wrap] ==> ignore
    arg [_Znwj] ==> ignore
    arg [--wrap] ==> ignore
    arg [_Znaj] ==> ignore
    arg [--wrap] ==> ignore
    arg [_ZdlPv] ==> ignore
    arg [--wrap] ==> ignore
    arg [_ZdaPv] ==> ignore
    arg [--wrap] ==> ignore
    arg [_ZnwjRKSt9nothrow_t] ==> ignore
    arg [--wrap] ==> ignore
    arg [_ZnajRKSt9nothrow_t] ==> ignore
    arg [--wrap] ==> ignore
    arg [_ZdlPvRKSt9nothrow_t] ==> ignore
    arg [--wrap] ==> ignore
    arg [_ZdaPvRKSt9nothrow_t] ==> ignore
    arg [-Bdynamic] ==> ignore
    arg [--dll-search-prefix=cyg] ==> ignore
    arg [--large-address-aware] ==> ignore
    arg [--tsaware] ==> ignore
    arg [-o] ==> ignore
    arg [cmTC_87681.exe] ==> ignore
    arg [/usr/lib/gcc/i686-pc-cygwin/6.4.0/../../../crt0.o] ==> ignore
    arg [/usr/lib/gcc/i686-pc-cygwin/6.4.0/crtbegin.o] ==> ignore
    arg [-L/usr/lib/gcc/i686-pc-cygwin/6.4.0] ==> dir [/usr/lib/gcc/i686-pc-cygwin/6.4.0]
    arg [-L/usr/lib/gcc/i686-pc-cygwin/6.4.0/../../../../i686-pc-cygwin/lib] ==> dir [/usr/lib/gcc/i686-pc-cygwin/6.4.0/../../../../i686-pc-cygwin/lib]
    arg [-L/usr/lib/gcc/i686-pc-cygwin/6.4.0/../../..] ==> dir [/usr/lib/gcc/i686-pc-cygwin/6.4.0/../../..]
    arg [--enable-auto-import] ==> ignore
    arg [CMakeFiles/cmTC_87681.dir/CMakeCCompilerABI.c.o] ==> ignore
    arg [--out-implib] ==> ignore
    arg [libcmTC_87681.dll.a] ==> ignore
    arg [--major-image-version] ==> ignore
    arg [0] ==> ignore
    arg [--minor-image-version] ==> ignore
    arg [0] ==> ignore
    arg [-lgcc_s] ==> lib [gcc_s]
    arg [-lgcc] ==> lib [gcc]
    arg [-lcygwin] ==> lib [cygwin]
    arg [-ladvapi32] ==> lib [advapi32]
    arg [-lshell32] ==> lib [shell32]
    arg [-luser32] ==> lib [user32]
    arg [-lkernel32] ==> lib [kernel32]
    arg [-lgcc_s] ==> lib [gcc_s]
    arg [-lgcc] ==> lib [gcc]
    arg [/usr/lib/gcc/i686-pc-cygwin/6.4.0/../../../default-manifest.o] ==> ignore
    arg [/usr/lib/gcc/i686-pc-cygwin/6.4.0/crtend.o] ==> ignore
  remove lib [gcc_s]
  remove lib [gcc]
  remove lib [gcc_s]
  remove lib [gcc]
  collapse library dir [/usr/lib/gcc/i686-pc-cygwin/6.4.0] ==> [/usr/lib/gcc/i686-pc-cygwin/6.4.0]
  collapse library dir [/usr/lib/gcc/i686-pc-cygwin/6.4.0/../../../../i686-pc-cygwin/lib] ==> [/usr/i686-pc-cygwin/lib]
  collapse library dir [/usr/lib/gcc/i686-pc-cygwin/6.4.0/../../..] ==> [/usr/lib]
  implicit libs: [cygwin;advapi32;shell32;user32;kernel32]
  implicit dirs: [/usr/lib/gcc/i686-pc-cygwin/6.4.0;/usr/i686-pc-cygwin/lib;/usr/lib]
  implicit fwks: []




Detecting C [-std=c11] compiler features compiled with the following output:
Change Dir: /cygdrive/d/Drive/Documents/School/CS235/Lesson 3/Lab03/CMakeFiles/CMakeTmp

Run Build Command:"/usr/bin/make.exe" "cmTC_6069a/fast"
/usr/bin/make -f CMakeFiles/cmTC_6069a.dir/build.make CMakeFiles/cmTC_6069a.dir/build
make[1]: Entering directory '/cygdrive/d/Drive/Documents/School/CS235/Lesson 3/Lab03/CMakeFiles/CMakeTmp'
Building C object CMakeFiles/cmTC_6069a.dir/feature_tests.c.o
/usr/bin/cc    -std=c11 -o CMakeFiles/cmTC_6069a.dir/feature_tests.c.o   -c "/cygdrive/d/Drive/Documents/School/CS235/Lesson 3/Lab03/CMakeFiles/feature_tests.c"
Linking C executable cmTC_6069a.exe
/usr/bin/cmake.exe -E cmake_link_script CMakeFiles/cmTC_6069a.dir/link.txt --verbose=1
/usr/bin/cc     -Wl,--enable-auto-import  CMakeFiles/cmTC_6069a.dir/feature_tests.c.o  -o cmTC_6069a.exe -Wl,--out-implib,libcmTC_6069a.dll.a -Wl,--major-image-version,0,--minor-image-version,0 
make[1]: Leaving directory '/cygdrive/d/Drive/Documents/School/CS235/Lesson 3/Lab03/CMakeFiles/CMakeTmp'


    Feature record: C_FEATURE:1c_function_prototypes
    Feature record: C_FEATURE:1c_restrict
    Feature record: C_FEATURE:1c_static_assert
    Feature record: C_FEATURE:1c_variadic_macros


Detecting C [-std=c99] compiler features compiled with the following output:
Change Dir: /cygdrive/d/Drive/Documents/School/CS235/Lesson 3/Lab03/CMakeFiles/CMakeTmp

Run Build Command:"/usr/bin/make.exe" "cmTC_b1d4f/fast"
/usr/bin/make -f CMakeFiles/cmTC_b1d4f.dir/build.make CMakeFiles/cmTC_b1d4f.dir/build
make[1]: Entering directory '/cygdrive/d/Drive/Documents/School/CS235/Lesson 3/Lab03/CMakeFiles/CMakeTmp'
Building C object CMakeFiles/cmTC_b1d4f.dir/feature_tests.c.o
/usr/bin/cc    -std=c99 -o CMakeFiles/cmTC_b1d4f.dir/feature_tests.c.o   -c "/cygdrive/d/Drive/Documents/School/CS235/Lesson 3/Lab03/CMakeFiles/feature_tests.c"
Linking C executable cmTC_b1d4f.exe
/usr/bin/cmake.exe -E cmake_link_script CMakeFiles/cmTC_b1d4f.dir/link.txt --verbose=1
/usr/bin/cc     -Wl,--enable-auto-import  CMakeFiles/cmTC_b1d4f.dir/feature_tests.c.o  -o cmTC_b1d4f.exe -Wl,--out-implib,libcmTC_b1d4f.dll.a -Wl,--major-image-version,0,--minor-image-version,0 
make[1]: Leaving directory '/cygdrive/d/Drive/Documents/School/CS235/Lesson 3/Lab03/CMakeFiles/CMakeTmp'


    Feature record: C_FEATURE:1c_function_prototypes
    Feature record: C_FEATURE:1c_restrict
    Feature record: C_FEATURE:0c_static_assert
    Feature record: C_FEATURE:1c_variadic_macros


Detecting C [-std=c90] compiler features compiled with the following output:
Change Dir: /cygdrive/d/Drive/Documents/School/CS235/Lesson 3/Lab03/CMakeFiles/CMakeTmp

Run Build Command:"/usr/bin/make.exe" "cmTC_1f66b/fast"
/usr/bin/make -f CMakeFiles/cmTC_1f66b.dir/build.make CMakeFiles/cmTC_1f66b.dir/build
make[1]: Entering directory '/cygdrive/d/Drive/Documents/School/CS235/Lesson 3/Lab03/CMakeFiles/CMakeTmp'
Building C object CMakeFiles/cmTC_1f66b.dir/feature_tests.c.o
/usr/bin/cc    -std=c90 -o CMakeFiles/cmTC_1f66b.dir/feature_tests.c.o   -c "/cygdrive/d/Drive/Documents/School/CS235/Lesson 3/Lab03/CMakeFiles/feature_tests.c"
Linking C executable cmTC_1f66b.exe
/usr/bin/cmake.exe -E cmake_link_script CMakeFiles/cmTC_1f66b.dir/link.txt --verbose=1
/usr/bin/cc     -Wl,--enable-auto-import  CMakeFiles/cmTC_1f66b.dir/feature_tests.c.o  -o cmTC_1f66b.exe -Wl,--out-implib,libcmTC_1f66b.dll.a -Wl,--major-image-version,0,--minor-image-version,0 
make[1]: Leaving directory '/cygdrive/d/Drive/Documents/School/CS235/Lesson 3/Lab03/CMakeFiles/CMakeTmp'


    Feature record: C_FEATURE:1c_function_prototypes
    Feature record: C_FEATURE:0c_restrict
    Feature record: C_FEATURE:0c_static_assert
    Feature record: C_FEATURE:0c_variadic_macros
Determining if the CXX compiler works passed with the following output:
Change Dir: /cygdrive/d/Drive/Documents/School/CS235/Lesson 3/Lab03/CMakeFiles/CMakeTmp

Run Build Command:"/usr/bin/make.exe" "cmTC_82f38/fast"
/usr/bin/make -f CMakeFiles/cmTC_82f38.dir/build.make CMakeFiles/cmTC_82f38.dir/build
make[1]: Entering directory '/cygdrive/d/Drive/Documents/School/CS235/Lesson 3/Lab03/CMakeFiles/CMakeTmp'
Building CXX object CMakeFiles/cmTC_82f38.dir/testCXXCompiler.cxx.o
/usr/bin/c++.exe      -o CMakeFiles/cmTC_82f38.dir/testCXXCompiler.cxx.o -c "/cygdrive/d/Drive/Documents/School/CS235/Lesson 3/Lab03/CMakeFiles/CMakeTmp/testCXXCompiler.cxx"
Linking CXX executable cmTC_82f38.exe
/usr/bin/cmake.exe -E cmake_link_script CMakeFiles/cmTC_82f38.dir/link.txt --verbose=1
/usr/bin/c++.exe     -Wl,--enable-auto-import  CMakeFiles/cmTC_82f38.dir/testCXXCompiler.cxx.o  -o cmTC_82f38.exe -Wl,--out-implib,libcmTC_82f38.dll.a -Wl,--major-image-version,0,--minor-image-version,0 
make[1]: Leaving directory '/cygdrive/d/Drive/Documents/School/CS235/Lesson 3/Lab03/CMakeFiles/CMakeTmp'


Detecting CXX compiler ABI info compiled with the following output:
Change Dir: /cygdrive/d/Drive/Documents/School/CS235/Lesson 3/Lab03/CMakeFiles/CMakeTmp

Run Build Command:"/usr/bin/make.exe" "cmTC_4190b/fast"
/usr/bin/make -f CMakeFiles/cmTC_4190b.dir/build.make CMakeFiles/cmTC_4190b.dir/build
make[1]: Entering directory '/cygdrive/d/Drive/Documents/School/CS235/Lesson 3/Lab03/CMakeFiles/CMakeTmp'
Building CXX object CMakeFiles/cmTC_4190b.dir/CMakeCXXCompilerABI.cpp.o
/usr/bin/c++.exe      -o CMakeFiles/cmTC_4190b.dir/CMakeCXXCompilerABI.cpp.o -c /usr/share/cmake-3.6.2/Modules/CMakeCXXCompilerABI.cpp
Linking CXX executable cmTC_4190b.exe
/usr/bin/cmake.exe -E cmake_link_script CMakeFiles/cmTC_4190b.dir/link.txt --verbose=1
/usr/bin/c++.exe     -Wl,--enable-auto-import -v CMakeFiles/cmTC_4190b.dir/CMakeCXXCompilerABI.cpp.o  -o cmTC_4190b.exe -Wl,--out-implib,libcmTC_4190b.dll.a -Wl,--major-image-version,0,--minor-image-version,0  
Using built-in specs.
COLLECT_GCC=/usr/bin/c++
COLLECT_LTO_WRAPPER=/usr/lib/gcc/i686-pc-cygwin/6.4.0/lto-wrapper.exe
Target: i686-pc-cygwin
Configured with: /cygdrive/i/szsz/tmpp/gcc/gcc-6.4.0-4.i686/src/gcc-6.4.0/configure --srcdir=/cygdrive/i/szsz/tmpp/gcc/gcc-6.4.0-4.i686/src/gcc-6.4.0 --prefix=/usr --exec-prefix=/usr --localstatedir=/var --sysconfdir=/etc --docdir=/usr/share/doc/gcc --htmldir=/usr/share/doc/gcc/html -C --build=i686-pc-cygwin --host=i686-pc-cygwin --target=i686-pc-cygwin --without-libiconv-prefix --without-libintl-prefix --libexecdir=/usr/lib --enable-shared --enable-shared-libgcc --enable-static --enable-version-specific-runtime-libs --enable-bootstrap --enable-__cxa_atexit --with-dwarf2 --with-arch=i686 --with-tune=generic --disable-sjlj-exceptions --enable-languages=ada,c,c++,fortran,lto,objc,obj-c++ --enable-graphite --enable-threads=posix --enable-libatomic --enable-libcilkrts --enable-libgomp --enable-libitm --enable-libquadmath --enable-libquadmath-support --enable-libssp --enable-libada --disable-symvers --with-gnu-ld --with-gnu-as --with-cloog-include=/usr/include/cloog-isl --without-libiconv-prefix --without-libintl-prefix --with-system-zlib --enable-linker-build-id --with-default-libstdcxx-abi=gcc4-compatible
Thread model: posix
gcc version 6.4.0 (GCC) 
COMPILER_PATH=/usr/lib/gcc/i686-pc-cygwin/6.4.0/:/usr/lib/gcc/i686-pc-cygwin/6.4.0/:/usr/lib/gcc/i686-pc-cygwin/:/usr/lib/gcc/i686-pc-cygwin/6.4.0/:/usr/lib/gcc/i686-pc-cygwin/:/usr/lib/gcc/i686-pc-cygwin/6.4.0/../../../../i686-pc-cygwin/bin/
LIBRARY_PATH=/usr/lib/gcc/i686-pc-cygwin/6.4.0/:/usr/lib/gcc/i686-pc-cygwin/6.4.0/../../../../i686-pc-cygwin/lib/:/usr/lib/gcc/i686-pc-cygwin/6.4.0/../../../:/lib/:/usr/lib/
COLLECT_GCC_OPTIONS='-v' '-o' 'cmTC_4190b.exe' '-shared-libgcc' '-mtune=generic' '-march=i686'
 /usr/lib/gcc/i686-pc-cygwin/6.4.0/collect2.exe -plugin /usr/lib/gcc/i686-pc-cygwin/6.4.0/cyglto_plugin.dll -plugin-opt=/usr/lib/gcc/i686-pc-cygwin/6.4.0/lto-wrapper.exe -plugin-opt=-fresolution=/tmp/ccJAUBcf.res -plugin-opt=-pass-through=-lgcc_s -plugin-opt=-pass-through=-lgcc -plugin-opt=-pass-through=-lcygwin -plugin-opt=-pass-through=-ladvapi32 -plugin-opt=-pass-through=-lshell32 -plugin-opt=-pass-through=-luser32 -plugin-opt=-pass-through=-lkernel32 -plugin-opt=-pass-through=-lgcc_s -plugin-opt=-pass-through=-lgcc --build-id --wrap _Znwj --wrap _Znaj --wrap _ZdlPv --wrap _ZdaPv --wrap _ZnwjRKSt9nothrow_t --wrap _ZnajRKSt9nothrow_t --wrap _ZdlPvRKSt9nothrow_t --wrap _ZdaPvRKSt9nothrow_t -Bdynamic --dll-search-prefix=cyg --large-address-aware --tsaware -o cmTC_4190b.exe /usr/lib/gcc/i686-pc-cygwin/6.4.0/../../../crt0.o /usr/lib/gcc/i686-pc-cygwin/6.4.0/crtbegin.o -L/usr/lib/gcc/i686-pc-cygwin/6.4.0 -L/usr/lib/gcc/i686-pc-cygwin/6.4.0/../../../../i686-pc-cygwin/lib -L/usr/lib/gcc/i686-pc-cygwin/6.4.0/../../.. --enable-auto-import CMakeFiles/cmTC_4190b.dir/CMakeCXXCompilerABI.cpp.o --out-implib libcmTC_4190b.dll.a --major-image-version 0 --minor-image-version 0 -lstdc++ -lgcc_s -lgcc -lcygwin -ladvapi32 -lshell32 -luser32 -lkernel32 -lgcc_s -lgcc /usr/lib/gcc/i686-pc-cygwin/6.4.0/../../../default-manifest.o /usr/lib/gcc/i686-pc-cygwin/6.4.0/crtend.o
COLLECT_GCC_OPTIONS='-v' '-o' 'cmTC_4190b.exe' '-shared-libgcc' '-mtune=generic' '-march=i686'
make[1]: Leaving directory '/cygdrive/d/Drive/Documents/School/CS235/Lesson 3/Lab03/CMakeFiles/CMakeTmp'


Parsed CXX implicit link information from above output:
  link line regex: [^( *|.*[/\])(ld\.exe|([^/\]+-)?ld|collect2)[^/\]*( |$)]
  ignore line: [Change Dir: /cygdrive/d/Drive/Documents/School/CS235/Lesson 3/Lab03/CMakeFiles/CMakeTmp]
  ignore line: []
  ignore line: [Run Build Command:"/usr/bin/make.exe" "cmTC_4190b/fast"]
  ignore line: [/usr/bin/make -f CMakeFiles/cmTC_4190b.dir/build.make CMakeFiles/cmTC_4190b.dir/build]
  ignore line: [make[1]: Entering directory '/cygdrive/d/Drive/Documents/School/CS235/Lesson 3/Lab03/CMakeFiles/CMakeTmp']
  ignore line: [Building CXX object CMakeFiles/cmTC_4190b.dir/CMakeCXXCompilerABI.cpp.o]
  ignore line: [/usr/bin/c++.exe      -o CMakeFiles/cmTC_4190b.dir/CMakeCXXCompilerABI.cpp.o -c /usr/share/cmake-3.6.2/Modules/CMakeCXXCompilerABI.cpp]
  ignore line: [Linking CXX executable cmTC_4190b.exe]
  ignore line: [/usr/bin/cmake.exe -E cmake_link_script CMakeFiles/cmTC_4190b.dir/link.txt --verbose=1]
  ignore line: [/usr/bin/c++.exe     -Wl,--enable-auto-import -v CMakeFiles/cmTC_4190b.dir/CMakeCXXCompilerABI.cpp.o  -o cmTC_4190b.exe -Wl,--out-implib,libcmTC_4190b.dll.a -Wl,--major-image-version,0,--minor-image-version,0  ]
  ignore line: [Using built-in specs.]
  ignore line: [COLLECT_GCC=/usr/bin/c++]
  ignore line: [COLLECT_LTO_WRAPPER=/usr/lib/gcc/i686-pc-cygwin/6.4.0/lto-wrapper.exe]
  ignore line: [Target: i686-pc-cygwin]
  ignore line: [Configured with: /cygdrive/i/szsz/tmpp/gcc/gcc-6.4.0-4.i686/src/gcc-6.4.0/configure --srcdir=/cygdrive/i/szsz/tmpp/gcc/gcc-6.4.0-4.i686/src/gcc-6.4.0 --prefix=/usr --exec-prefix=/usr --localstatedir=/var --sysconfdir=/etc --docdir=/usr/share/doc/gcc --htmldir=/usr/share/doc/gcc/html -C --build=i686-pc-cygwin --host=i686-pc-cygwin --target=i686-pc-cygwin --without-libiconv-prefix --without-libintl-prefix --libexecdir=/usr/lib --enable-shared --enable-shared-libgcc --enable-static --enable-version-specific-runtime-libs --enable-bootstrap --enable-__cxa_atexit --with-dwarf2 --with-arch=i686 --with-tune=generic --disable-sjlj-exceptions --enable-languages=ada,c,c++,fortran,lto,objc,obj-c++ --enable-graphite --enable-threads=posix --enable-libatomic --enable-libcilkrts --enable-libgomp --enable-libitm --enable-libquadmath --enable-libquadmath-support --enable-libssp --enable-libada --disable-symvers --with-gnu-ld --with-gnu-as --with-cloog-include=/usr/include/cloog-isl --without-libiconv-prefix --without-libintl-prefix --with-system-zlib --enable-linker-build-id --with-default-libstdcxx-abi=gcc4-compatible]
  ignore line: [Thread model: posix]
  ignore line: [gcc version 6.4.0 (GCC) ]
  ignore line: [COMPILER_PATH=/usr/lib/gcc/i686-pc-cygwin/6.4.0/:/usr/lib/gcc/i686-pc-cygwin/6.4.0/:/usr/lib/gcc/i686-pc-cygwin/:/usr/lib/gcc/i686-pc-cygwin/6.4.0/:/usr/lib/gcc/i686-pc-cygwin/:/usr/lib/gcc/i686-pc-cygwin/6.4.0/../../../../i686-pc-cygwin/bin/]
  ignore line: [LIBRARY_PATH=/usr/lib/gcc/i686-pc-cygwin/6.4.0/:/usr/lib/gcc/i686-pc-cygwin/6.4.0/../../../../i686-pc-cygwin/lib/:/usr/lib/gcc/i686-pc-cygwin/6.4.0/../../../:/lib/:/usr/lib/]
  ignore line: [COLLECT_GCC_OPTIONS='-v' '-o' 'cmTC_4190b.exe' '-shared-libgcc' '-mtune=generic' '-march=i686']
  link line: [ /usr/lib/gcc/i686-pc-cygwin/6.4.0/collect2.exe -plugin /usr/lib/gcc/i686-pc-cygwin/6.4.0/cyglto_plugin.dll -plugin-opt=/usr/lib/gcc/i686-pc-cygwin/6.4.0/lto-wrapper.exe -plugin-opt=-fresolution=/tmp/ccJAUBcf.res -plugin-opt=-pass-through=-lgcc_s -plugin-opt=-pass-through=-lgcc -plugin-opt=-pass-through=-lcygwin -plugin-opt=-pass-through=-ladvapi32 -plugin-opt=-pass-through=-lshell32 -plugin-opt=-pass-through=-luser32 -plugin-opt=-pass-through=-lkernel32 -plugin-opt=-pass-through=-lgcc_s -plugin-opt=-pass-through=-lgcc --build-id --wrap _Znwj --wrap _Znaj --wrap _ZdlPv --wrap _ZdaPv --wrap _ZnwjRKSt9nothrow_t --wrap _ZnajRKSt9nothrow_t --wrap _ZdlPvRKSt9nothrow_t --wrap _ZdaPvRKSt9nothrow_t -Bdynamic --dll-search-prefix=cyg --large-address-aware --tsaware -o cmTC_4190b.exe /usr/lib/gcc/i686-pc-cygwin/6.4.0/../../../crt0.o /usr/lib/gcc/i686-pc-cygwin/6.4.0/crtbegin.o -L/usr/lib/gcc/i686-pc-cygwin/6.4.0 -L/usr/lib/gcc/i686-pc-cygwin/6.4.0/../../../../i686-pc-cygwin/lib -L/usr/lib/gcc/i686-pc-cygwin/6.4.0/../../.. --enable-auto-import CMakeFiles/cmTC_4190b.dir/CMakeCXXCompilerABI.cpp.o --out-implib libcmTC_4190b.dll.a --major-image-version 0 --minor-image-version 0 -lstdc++ -lgcc_s -lgcc -lcygwin -ladvapi32 -lshell32 -luser32 -lkernel32 -lgcc_s -lgcc /usr/lib/gcc/i686-pc-cygwin/6.4.0/../../../default-manifest.o /usr/lib/gcc/i686-pc-cygwin/6.4.0/crtend.o]
    arg [/usr/lib/gcc/i686-pc-cygwin/6.4.0/collect2.exe] ==> ignore
    arg [-plugin] ==> ignore
    arg [/usr/lib/gcc/i686-pc-cygwin/6.4.0/cyglto_plugin.dll] ==> ignore
    arg [-plugin-opt=/usr/lib/gcc/i686-pc-cygwin/6.4.0/lto-wrapper.exe] ==> ignore
    arg [-plugin-opt=-fresolution=/tmp/ccJAUBcf.res] ==> ignore
    arg [-plugin-opt=-pass-through=-lgcc_s] ==> ignore
    arg [-plugin-opt=-pass-through=-lgcc] ==> ignore
    arg [-plugin-opt=-pass-through=-lcygwin] ==> ignore
    arg [-plugin-opt=-pass-through=-ladvapi32] ==> ignore
    arg [-plugin-opt=-pass-through=-lshell32] ==> ignore
    arg [-plugin-opt=-pass-through=-luser32] ==> ignore
    arg [-plugin-opt=-pass-through=-lkernel32] ==> ignore
    arg [-plugin-opt=-pass-through=-lgcc_s] ==> ignore
    arg [-plugin-opt=-pass-through=-lgcc] ==> ignore
    arg [--build-id] ==> ignore
    arg [--wrap] ==> ignore
    arg [_Znwj] ==> ignore
    arg [--wrap] ==> ignore
    arg [_Znaj] ==> ignore
    arg [--wrap] ==> ignore
    arg [_ZdlPv] ==> ignore
    arg [--wrap] ==> ignore
    arg [_ZdaPv] ==> ignore
    arg [--wrap] ==> ignore
    arg [_ZnwjRKSt9nothrow_t] ==> ignore
    arg [--wrap] ==> ignore
    arg [_ZnajRKSt9nothrow_t] ==> ignore
    arg [--wrap] ==> ignore
    arg [_ZdlPvRKSt9nothrow_t] ==> ignore
    arg [--wrap] ==> ignore
    arg [_ZdaPvRKSt9nothrow_t] ==> ignore
    arg [-Bdynamic] ==> ignore
    arg [--dll-search-prefix=cyg] ==> ignore
    arg [--large-address-aware] ==> ignore
    arg [--tsaware] ==> ignore
    arg [-o] ==> ignore
    arg [cmTC_4190b.exe] ==> ignore
    arg [/usr/lib/gcc/i686-pc-cygwin/6.4.0/../../../crt0.o] ==> ignore
    arg [/usr/lib/gcc/i686-pc-cygwin/6.4.0/crtbegin.o] ==> ignore
    arg [-L/usr/lib/gcc/i686-pc-cygwin/6.4.0] ==> dir [/usr/lib/gcc/i686-pc-cygwin/6.4.0]
    arg [-L/usr/lib/gcc/i686-pc-cygwin/6.4.0/../../../../i686-pc-cygwin/lib] ==> dir [/usr/lib/gcc/i686-pc-cygwin/6.4.0/../../../../i686-pc-cygwin/lib]
    arg [-L/usr/lib/gcc/i686-pc-cygwin/6.4.0/../../..] ==> dir [/usr/lib/gcc/i686-pc-cygwin/6.4.0/../../..]
    arg [--enable-auto-import] ==> ignore
    arg [CMakeFiles/cmTC_4190b.dir/CMakeCXXCompilerABI.cpp.o] ==> ignore
    arg [--out-implib] ==> ignore
    arg [libcmTC_4190b.dll.a] ==> ignore
    arg [--major-image-version] ==> ignore
    arg [0] ==> ignore
    arg [--minor-image-version] ==> ignore
    arg [0] ==> ignore
    arg [-lstdc++] ==> lib [stdc++]
    arg [-lgcc_s] ==> lib [gcc_s]
    arg [-lgcc] ==> lib [gcc]
    arg [-lcygwin] ==> lib [cygwin]
    arg [-ladvapi32] ==> lib [advapi32]
    arg [-lshell32] ==> lib [shell32]
    arg [-luser32] ==> lib [user32]
    arg [-lkernel32] ==> lib [kernel32]
    arg [-lgcc_s] ==> lib [gcc_s]
    arg [-lgcc] ==> lib [gcc]
    arg [/usr/lib/gcc/i686-pc-cygwin/6.4.0/../../../default-manifest.o] ==> ignore
    arg [/usr/lib/gcc/i686-pc-cygwin/6.4.0/crtend.o] ==> ignore
  remove lib [gcc_s]
  remove lib [gcc]
  remove lib [gcc_s]
  remove lib [gcc]
  collapse library dir [/usr/lib/gcc/i686-pc-cygwin/6.4.0] ==> [/usr/lib/gcc/i686-pc-cygwin/6.4.0]
  collapse library dir [/usr/lib/gcc/i686-pc-cygwin/6.4.0/../../../../i686-pc-cygwin/lib] ==> [/usr/i686-pc-cygwin/lib]
  collapse library dir [/usr/lib/gcc/i686-pc-cygwin/6.4.0/../../..] ==> [/usr/lib]
  implicit libs: [stdc++;cygwin;advapi32;shell32;user32;kernel32]
  implicit dirs: [/usr/lib/gcc/i686-pc-cygwin/6.4.0;/usr/i686-pc-cygwin/lib;/usr/lib]
  implicit fwks: []




Detecting CXX [-std=c++14] compiler features compiled with the following output:
Change Dir: /cygdrive/d/Drive/Documents/School/CS235/Lesson 3/Lab03/CMakeFiles/CMakeTmp

Run Build Command:"/usr/bin/make.exe" "cmTC_fa70f/fast"
/usr/bin/make -f CMakeFiles/cmTC_fa70f.dir/build.make CMakeFiles/cmTC_fa70f.dir/build
make[1]: Entering directory '/cygdrive/d/Drive/Documents/School/CS235/Lesson 3/Lab03/CMakeFiles/CMakeTmp'
Building CXX object CMakeFiles/cmTC_fa70f.dir/feature_tests.cxx.o
/usr/bin/c++.exe     -std=c++14 -o CMakeFiles/cmTC_fa70f.dir/feature_tests.cxx.o -c "/cygdrive/d/Drive/Documents/School/CS235/Lesson 3/Lab03/CMakeFiles/feature_tests.cxx"
Linking CXX executable cmTC_fa70f.exe
/usr/bin/cmake.exe -E cmake_link_script CMakeFiles/cmTC_fa70f.dir/link.txt --verbose=1
/usr/bin/c++.exe     -Wl,--enable-auto-import  CMakeFiles/cmTC_fa70f.dir/feature_tests.cxx.o  -o cmTC_fa70f.exe -Wl,--out-implib,libcmTC_fa70f.dll.a -Wl,--major-image-version,0,--minor-image-version,0 
make[1]: Leaving directory '/cygdrive/d/Drive/Documents/School/CS235/Lesson 3/Lab03/CMakeFiles/CMakeTmp'


    Feature record: CXX_FEATURE:1cxx_aggregate_default_initializers
    Feature record: CXX_FEATURE:1cxx_alias_templates
    Feature record: CXX_FEATURE:1cxx_alignas
    Feature record: CXX_FEATURE:1cxx_alignof
    Feature record: CXX_FEATURE:1cxx_attributes
    Feature record: CXX_FEATURE:1cxx_attribute_deprecated
    Feature record: CXX_FEATURE:1cxx_auto_type
    Feature record: CXX_FEATURE:1cxx_binary_literals
    Feature record: CXX_FEATURE:1cxx_constexpr
    Feature record: CXX_FEATURE:1cxx_contextual_conversions
    Feature record: CXX_FEATURE:1cxx_decltype
    Feature record: CXX_FEATURE:1cxx_decltype_auto
    Feature record: CXX_FEATURE:1cxx_decltype_incomplete_return_types
    Feature record: CXX_FEATURE:1cxx_default_function_template_args
    Feature record: CXX_FEATURE:1cxx_defaulted_functions
    Feature record: CXX_FEATURE:1cxx_defaulted_move_initializers
    Feature record: CXX_FEATURE:1cxx_delegating_constructors
    Feature record: CXX_FEATURE:1cxx_deleted_functions
    Feature record: CXX_FEATURE:1cxx_digit_separators
    Feature record: CXX_FEATURE:1cxx_enum_forward_declarations
    Feature record: CXX_FEATURE:1cxx_explicit_conversions
    Feature record: CXX_FEATURE:1cxx_extended_friend_declarations
    Feature record: CXX_FEATURE:1cxx_extern_templates
    Feature record: CXX_FEATURE:1cxx_final
    Feature record: CXX_FEATURE:1cxx_func_identifier
    Feature record: CXX_FEATURE:1cxx_generalized_initializers
    Feature record: CXX_FEATURE:1cxx_generic_lambdas
    Feature record: CXX_FEATURE:1cxx_inheriting_constructors
    Feature record: CXX_FEATURE:1cxx_inline_namespaces
    Feature record: CXX_FEATURE:1cxx_lambdas
    Feature record: CXX_FEATURE:1cxx_lambda_init_captures
    Feature record: CXX_FEATURE:1cxx_local_type_template_args
    Feature record: CXX_FEATURE:1cxx_long_long_type
    Feature record: CXX_FEATURE:1cxx_noexcept
    Feature record: CXX_FEATURE:1cxx_nonstatic_member_init
    Feature record: CXX_FEATURE:1cxx_nullptr
    Feature record: CXX_FEATURE:1cxx_override
    Feature record: CXX_FEATURE:1cxx_range_for
    Feature record: CXX_FEATURE:1cxx_raw_string_literals
    Feature record: CXX_FEATURE:1cxx_reference_qualified_functions
    Feature record: CXX_FEATURE:1cxx_relaxed_constexpr
    Feature record: CXX_FEATURE:1cxx_return_type_deduction
    Feature record: CXX_FEATURE:1cxx_right_angle_brackets
    Feature record: CXX_FEATURE:1cxx_rvalue_references
    Feature record: CXX_FEATURE:1cxx_sizeof_member
    Feature record: CXX_FEATURE:1cxx_static_assert
    Feature record: CXX_FEATURE:1cxx_strong_enums
    Feature record: CXX_FEATURE:1cxx_template_template_parameters
    Feature record: CXX_FEATURE:1cxx_thread_local
    Feature record: CXX_FEATURE:1cxx_trailing_return_types
    Feature record: CXX_FEATURE:1cxx_unicode_literals
    Feature record: CXX_FEATURE:1cxx_uniform_initialization
    Feature record: CXX_FEATURE:1cxx_unrestricted_unions
    Feature record: CXX_FEATURE:1cxx_user_literals
    Feature record: CXX_FEATURE:1cxx_variable_templates
    Feature record: CXX_FEATURE:1cxx_variadic_macros
    Feature record: CXX_FEATURE:1cxx_variadic_templates


Detecting CXX [-std=c++11] compiler features compiled with the following output:
Change Dir: /cygdrive/d/Drive/Documents/School/CS235/Lesson 3/Lab03/CMakeFiles/CMakeTmp

Run Build Command:"/usr/bin/make.exe" "cmTC_b52c4/fast"
/usr/bin/make -f CMakeFiles/cmTC_b52c4.dir/build.make CMakeFiles/cmTC_b52c4.dir/build
make[1]: Entering directory '/cygdrive/d/Drive/Documents/School/CS235/Lesson 3/Lab03/CMakeFiles/CMakeTmp'
Building CXX object CMakeFiles/cmTC_b52c4.dir/feature_tests.cxx.o
/usr/bin/c++.exe     -std=c++11 -o CMakeFiles/cmTC_b52c4.dir/feature_tests.cxx.o -c "/cygdrive/d/Drive/Documents/School/CS235/Lesson 3/Lab03/CMakeFiles/feature_tests.cxx"
Linking CXX executable cmTC_b52c4.exe
/usr/bin/cmake.exe -E cmake_link_script CMakeFiles/cmTC_b52c4.dir/link.txt --verbose=1
/usr/bin/c++.exe     -Wl,--enable-auto-import  CMakeFiles/cmTC_b52c4.dir/feature_tests.cxx.o  -o cmTC_b52c4.exe -Wl,--out-implib,libcmTC_b52c4.dll.a -Wl,--major-image-version,0,--minor-image-version,0 
make[1]: Leaving directory '/cygdrive/d/Drive/Documents/School/CS235/Lesson 3/Lab03/CMakeFiles/CMakeTmp'


    Feature record: CXX_FEATURE:0cxx_aggregate_default_initializers
    Feature record: CXX_FEATURE:1cxx_alias_templates
    Feature record: CXX_FEATURE:1cxx_alignas
    Feature record: CXX_FEATURE:1cxx_alignof
    Feature record: CXX_FEATURE:1cxx_attributes
    Feature record: CXX_FEATURE:0cxx_attribute_deprecated
    Feature record: CXX_FEATURE:1cxx_auto_type
    Feature record: CXX_FEATURE:0cxx_binary_literals
    Feature record: CXX_FEATURE:1cxx_constexpr
    Feature record: CXX_FEATURE:0cxx_contextual_conversions
    Feature record: CXX_FEATURE:1cxx_decltype
    Feature record: CXX_FEATURE:0cxx_decltype_auto
    Feature record: CXX_FEATURE:1cxx_decltype_incomplete_return_types
    Feature record: CXX_FEATURE:1cxx_default_function_template_args
    Feature record: CXX_FEATURE:1cxx_defaulted_functions
    Feature record: CXX_FEATURE:1cxx_defaulted_move_initializers
    Feature record: CXX_FEATURE:1cxx_delegating_constructors
    Feature record: CXX_FEATURE:1cxx_deleted_functions
    Feature record: CXX_FEATURE:0cxx_digit_separators
    Feature record: CXX_FEATURE:1cxx_enum_forward_declarations
    Feature record: CXX_FEATURE:1cxx_explicit_conversions
    Feature record: CXX_FEATURE:1cxx_extended_friend_declarations
    Feature record: CXX_FEATURE:1cxx_extern_templates
    Feature record: CXX_FEATURE:1cxx_final
    Feature record: CXX_FEATURE:1cxx_func_identifier
    Feature record: CXX_FEATURE:1cxx_generalized_initializers
    Feature record: CXX_FEATURE:0cxx_generic_lambdas
    Feature record: CXX_FEATURE:1cxx_inheriting_constructors
    Feature record: CXX_FEATURE:1cxx_inline_namespaces
    Feature record: CXX_FEATURE:1cxx_lambdas
    Feature record: CXX_FEATURE:0cxx_lambda_init_captures
    Feature record: CXX_FEATURE:1cxx_local_type_template_args
    Feature record: CXX_FEATURE:1cxx_long_long_type
    Feature record: CXX_FEATURE:1cxx_noexcept
    Feature record: CXX_FEATURE:1cxx_nonstatic_member_init
    Feature record: CXX_FEATURE:1cxx_nullptr
    Feature record: CXX_FEATURE:1cxx_override
    Feature record: CXX_FEATURE:1cxx_range_for
    Feature record: CXX_FEATURE:1cxx_raw_string_literals
    Feature record: CXX_FEATURE:1cxx_reference_qualified_functions
    Feature record: CXX_FEATURE:0cxx_relaxed_constexpr
    Feature record: CXX_FEATURE:0cxx_return_type_deduction
    Feature record: CXX_FEATURE:1cxx_right_angle_brackets
    Feature record: CXX_FEATURE:1cxx_rvalue_references
    Feature record: CXX_FEATURE:1cxx_sizeof_member
    Feature record: CXX_FEATURE:1cxx_static_assert
    Feature record: CXX_FEATURE:1cxx_strong_enums
    Feature record: CXX_FEATURE:1cxx_template_template_parameters
    Feature record: CXX_FEATURE:1cxx_thread_local
    Feature record: CXX_FEATURE:1cxx_trailing_return_types
    Feature record: CXX_FEATURE:1cxx_unicode_literals
    Feature record: CXX_FEATURE:1cxx_uniform_initialization
    Feature record: CXX_FEATURE:1cxx_unrestricted_unions
    Feature record: CXX_FEATURE:1cxx_user_literals
    Feature record: CXX_FEATURE:0cxx_variable_templates
    Feature record: CXX_FEATURE:1cxx_variadic_macros
    Feature record: CXX_FEATURE:1cxx_variadic_templates


Detecting CXX [-std=c++98] compiler features compiled with the following output:
Change Dir: /cygdrive/d/Drive/Documents/School/CS235/Lesson 3/Lab03/CMakeFiles/CMakeTmp

Run Build Command:"/usr/bin/make.exe" "cmTC_cdade/fast"
/usr/bin/make -f CMakeFiles/cmTC_cdade.dir/build.make CMakeFiles/cmTC_cdade.dir/build
make[1]: Entering directory '/cygdrive/d/Drive/Documents/School/CS235/Lesson 3/Lab03/CMakeFiles/CMakeTmp'
Building CXX object CMakeFiles/cmTC_cdade.dir/feature_tests.cxx.o
/usr/bin/c++.exe     -std=c++98 -o CMakeFiles/cmTC_cdade.dir/feature_tests.cxx.o -c "/cygdrive/d/Drive/Documents/School/CS235/Lesson 3/Lab03/CMakeFiles/feature_tests.cxx"
Linking CXX executable cmTC_cdade.exe
/usr/bin/cmake.exe -E cmake_link_script CMakeFiles/cmTC_cdade.dir/link.txt --verbose=1
/usr/bin/c++.exe     -Wl,--enable-auto-import  CMakeFiles/cmTC_cdade.dir/feature_tests.cxx.o  -o cmTC_cdade.exe -Wl,--out-implib,libcmTC_cdade.dll.a -Wl,--major-image-version,0,--minor-image-version,0 
make[1]: Leaving directory '/cygdrive/d/Drive/Documents/School/CS235/Lesson 3/Lab03/CMakeFiles/CMakeTmp'


    Feature record: CXX_FEATURE:0cxx_aggregate_default_initializers
    Feature record: CXX_FEATURE:0cxx_alias_templates
    Feature record: CXX_FEATURE:0cxx_alignas
    Feature record: CXX_FEATURE:0cxx_alignof
    Feature record: CXX_FEATURE:0cxx_attributes
    Feature record: CXX_FEATURE:0cxx_attribute_deprecated
    Feature record: CXX_FEATURE:0cxx_auto_type
    Feature record: CXX_FEATURE:0cxx_binary_literals
    Feature record: CXX_FEATURE:0cxx_constexpr
    Feature record: CXX_FEATURE:0cxx_contextual_conversions
    Feature record: CXX_FEATURE:0cxx_decltype
    Feature record: CXX_FEATURE:0cxx_decltype_auto
    Feature record: CXX_FEATURE:0cxx_decltype_incomplete_return_types
    Feature record: CXX_FEATURE:0cxx_default_function_template_args
    Feature record: CXX_FEATURE:0cxx_defaulted_functions
    Feature record: CXX_FEATURE:0cxx_defaulted_move_initializers
    Feature record: CXX_FEATURE:0cxx_delegating_constructors
    Feature record: CXX_FEATURE:0cxx_deleted_functions
    Feature record: CXX_FEATURE:0cxx_digit_separators
    Feature record: CXX_FEATURE:0cxx_enum_forward_declarations
    Feature record: CXX_FEATURE:0cxx_explicit_conversions
    Feature record: CXX_FEATURE:0cxx_extended_friend_declarations
    Feature record: CXX_FEATURE:0cxx_extern_templates
    Feature record: CXX_FEATURE:0cxx_final
    Feature record: CXX_FEATURE:0cxx_func_identifier
    Feature record: CXX_FEATURE:0cxx_generalized_initializers
    Feature record: CXX_FEATURE:0cxx_generic_lambdas
    Feature record: CXX_FEATURE:0cxx_inheriting_constructors
    Feature record: CXX_FEATURE:0cxx_inline_namespaces
    Feature record: CXX_FEATURE:0cxx_lambdas
    Feature record: CXX_FEATURE:0cxx_lambda_init_captures
    Feature record: CXX_FEATURE:0cxx_local_type_template_args
    Feature record: CXX_FEATURE:0cxx_long_long_type
    Feature record: CXX_FEATURE:0cxx_noexcept
    Feature record: CXX_FEATURE:0cxx_nonstatic_member_init
    Feature record: CXX_FEATURE:0cxx_nullptr
    Feature record: CXX_FEATURE:0cxx_override
    Feature record: CXX_FEATURE:0cxx_range_for
    Feature record: CXX_FEATURE:0cxx_raw_string_literals
    Feature record: CXX_FEATURE:0cxx_reference_qualified_functions
    Feature record: CXX_FEATURE:0cxx_relaxed_constexpr
    Feature record: CXX_FEATURE:0cxx_return_type_deduction
    Feature record: CXX_FEATURE:0cxx_right_angle_brackets
    Feature record: CXX_FEATURE:0cxx_rvalue_references
    Feature record: CXX_FEATURE:0cxx_sizeof_member
    Feature record: CXX_FEATURE:0cxx_static_assert
    Feature record: CXX_FEATURE:0cxx_strong_enums
    Feature record: CXX_FEATURE:1cxx_template_template_parameters
    Feature record: CXX_FEATURE:0cxx_thread_local
    Feature record: CXX_FEATURE:0cxx_trailing_return_types
    Feature record: CXX_FEATURE:0cxx_unicode_literals
    Feature record: CXX_FEATURE:0cxx_uniform_initialization
    Feature record: CXX_FEATURE:0cxx_unrestricted_unions
    Feature record: CXX_FEATURE:0cxx_user_literals
    Feature record: CXX_FEATURE:0cxx_variable_templates
    Feature record: CXX_FEATURE:0cxx_variadic_macros
    Feature record: CXX_FEATURE:0cxx_variadic_templates
